-------------------------------------------------------------------------------
Test set: com.nhnacademy.edu.jpa.repository.BirthDeathReportResidentRepositoryTest
-------------------------------------------------------------------------------
Tests run: 1, Failures: 0, Errors: 1, Skipped: 0, Time elapsed: 0.647 s <<< FAILURE! - in com.nhnacademy.edu.jpa.repository.BirthDeathReportResidentRepositoryTest
select  Time elapsed: 0.001 s  <<< ERROR!
java.lang.IllegalStateException: Failed to load ApplicationContext
Caused by: java.lang.IllegalStateException: Failed to load ApplicationContext
Caused by: org.springframework.beans.factory.UnsatisfiedDependencyException: Error creating bean with name 'birthDeathServiceImpl' defined in file [/Users/yeomhwiju/Documents/GitHub/nhnjava/jpa/jpa_day1/target/classes/com/nhnacademy/edu/jpa/service/BirthDeathServiceImpl.class]: Unsatisfied dependency expressed through constructor parameter 0; nested exception is org.springframework.beans.factory.BeanCreationException: Error creating bean with name 'birthDeathReportResidentRepository' defined in com.nhnacademy.edu.jpa.repository.BirthDeathReportResidentRepository defined in @EnableJpaRepositories declared on JpaConfig: Invocation of init method failed; nested exception is org.springframework.data.repository.query.QueryCreationException: Could not create query for public abstract long com.nhnacademy.edu.jpa.repository.custom.BirthDeathRepositoryCustom.updateBirthDeathReportResidentPk(java.lang.Integer,java.lang.String,java.lang.String,java.lang.String)! Reason: Failed to create query for method public abstract long com.nhnacademy.edu.jpa.repository.custom.BirthDeathRepositoryCustom.updateBirthDeathReportResidentPk(java.lang.Integer,java.lang.String,java.lang.String,java.lang.String)! No property 'updateBirthDeathReportResidentPk' found for type 'BirthDeathReportResident'!; nested exception is java.lang.IllegalArgumentException: Failed to create query for method public abstract long com.nhnacademy.edu.jpa.repository.custom.BirthDeathRepositoryCustom.updateBirthDeathReportResidentPk(java.lang.Integer,java.lang.String,java.lang.String,java.lang.String)! No property 'updateBirthDeathReportResidentPk' found for type 'BirthDeathReportResident'!
Caused by: org.springframework.beans.factory.BeanCreationException: Error creating bean with name 'birthDeathReportResidentRepository' defined in com.nhnacademy.edu.jpa.repository.BirthDeathReportResidentRepository defined in @EnableJpaRepositories declared on JpaConfig: Invocation of init method failed; nested exception is org.springframework.data.repository.query.QueryCreationException: Could not create query for public abstract long com.nhnacademy.edu.jpa.repository.custom.BirthDeathRepositoryCustom.updateBirthDeathReportResidentPk(java.lang.Integer,java.lang.String,java.lang.String,java.lang.String)! Reason: Failed to create query for method public abstract long com.nhnacademy.edu.jpa.repository.custom.BirthDeathRepositoryCustom.updateBirthDeathReportResidentPk(java.lang.Integer,java.lang.String,java.lang.String,java.lang.String)! No property 'updateBirthDeathReportResidentPk' found for type 'BirthDeathReportResident'!; nested exception is java.lang.IllegalArgumentException: Failed to create query for method public abstract long com.nhnacademy.edu.jpa.repository.custom.BirthDeathRepositoryCustom.updateBirthDeathReportResidentPk(java.lang.Integer,java.lang.String,java.lang.String,java.lang.String)! No property 'updateBirthDeathReportResidentPk' found for type 'BirthDeathReportResident'!
Caused by: org.springframework.data.repository.query.QueryCreationException: Could not create query for public abstract long com.nhnacademy.edu.jpa.repository.custom.BirthDeathRepositoryCustom.updateBirthDeathReportResidentPk(java.lang.Integer,java.lang.String,java.lang.String,java.lang.String)! Reason: Failed to create query for method public abstract long com.nhnacademy.edu.jpa.repository.custom.BirthDeathRepositoryCustom.updateBirthDeathReportResidentPk(java.lang.Integer,java.lang.String,java.lang.String,java.lang.String)! No property 'updateBirthDeathReportResidentPk' found for type 'BirthDeathReportResident'!; nested exception is java.lang.IllegalArgumentException: Failed to create query for method public abstract long com.nhnacademy.edu.jpa.repository.custom.BirthDeathRepositoryCustom.updateBirthDeathReportResidentPk(java.lang.Integer,java.lang.String,java.lang.String,java.lang.String)! No property 'updateBirthDeathReportResidentPk' found for type 'BirthDeathReportResident'!
Caused by: java.lang.IllegalArgumentException: Failed to create query for method public abstract long com.nhnacademy.edu.jpa.repository.custom.BirthDeathRepositoryCustom.updateBirthDeathReportResidentPk(java.lang.Integer,java.lang.String,java.lang.String,java.lang.String)! No property 'updateBirthDeathReportResidentPk' found for type 'BirthDeathReportResident'!
Caused by: org.springframework.data.mapping.PropertyReferenceException: No property 'updateBirthDeathReportResidentPk' found for type 'BirthDeathReportResident'!

